24 Nov 2017, 10:15:13,149 Logger is initialed
24 Nov 2017, 10:16:28,114 Logger is initialed
24 Nov 2017, 10:16:28,161 APIConfig is initialed
24 Nov 2017, 10:16:31,489 HazelServer is started.
24 Nov 2017, 10:16:33,690 HazelcastClientFactory is initialized.
24 Nov 2017, 10:16:34,344 Your Vert.x application is started!
24 Nov 2017, 10:23:56,834 Logger is initialed
24 Nov 2017, 10:23:56,881 APIConfig is initialed
24 Nov 2017, 10:23:59,998 HazelServer is started.
24 Nov 2017, 10:24:02,200 HazelcastClientFactory is initialized.
24 Nov 2017, 10:24:02,567 Your Vert.x application is started!
24 Nov 2017, 10:31:10,739 Logger is initialed
24 Nov 2017, 10:31:10,786 APIConfig is initialed
24 Nov 2017, 10:31:13,982 HazelServer is started.
24 Nov 2017, 10:31:15,086 HazelcastClientFactory is initialized.
24 Nov 2017, 10:31:15,433 Your Vert.x application is started!
24 Nov 2017, 10:33:56,223 Logger is initialed
24 Nov 2017, 10:33:56,266 APIConfig is initialed
24 Nov 2017, 10:33:59,208 HazelServer is started.
24 Nov 2017, 10:33:59,276 HazelcastClientFactory is initialized.
24 Nov 2017, 10:33:59,633 Your Vert.x application is started!
24 Nov 2017, 10:39:51,995 Logger is initialed
24 Nov 2017, 10:39:52,064 APIConfig is initialed
24 Nov 2017, 10:39:55,496 HazelServer is started.
24 Nov 2017, 10:39:57,649 HazelcastClientFactory is initialized.
24 Nov 2017, 10:39:58,011 Your Vert.x application is started!
24 Nov 2017, 10:42:45,167 Logger is initialed
24 Nov 2017, 10:42:45,216 APIConfig is initialed
24 Nov 2017, 10:42:48,399 HazelServer is started.
24 Nov 2017, 10:42:48,461 HazelcastClientFactory is initialized.
24 Nov 2017, 10:42:48,816 Your Vert.x application is started!
24 Nov 2017, 10:45:29,500 Logger is initialed
24 Nov 2017, 10:45:29,547 APIConfig is initialed
24 Nov 2017, 10:45:32,765 HazelServer is started.
24 Nov 2017, 10:45:32,832 HazelcastClientFactory is initialized.
24 Nov 2017, 10:45:33,201 Your Vert.x application is started!
24 Nov 2017, 10:48:14,169 Logger is initialed
24 Nov 2017, 10:48:14,220 APIConfig is initialed
24 Nov 2017, 10:48:17,365 HazelServer is started.
24 Nov 2017, 10:48:19,580 HazelcastClientFactory is initialized.
24 Nov 2017, 10:48:20,003 Your Vert.x application is started!
24 Nov 2017, 10:49:46,871 Logger is initialed
24 Nov 2017, 10:49:46,918 APIConfig is initialed
24 Nov 2017, 10:49:49,808 HazelServer is started.
24 Nov 2017, 10:49:51,962 HazelcastClientFactory is initialized.
24 Nov 2017, 10:49:52,309 Your Vert.x application is started!
24 Nov 2017, 11:08:11,859 Logger is initialed
24 Nov 2017, 11:08:11,906 APIConfig is initialed
24 Nov 2017, 11:08:15,058 HazelServer is started.
24 Nov 2017, 11:08:15,120 HazelcastClientFactory is initialized.
24 Nov 2017, 11:08:15,497 Your Vert.x application is started!
24 Nov 2017, 12:16:53,704 Logger is initialed
24 Nov 2017, 12:16:53,754 APIConfig is initialed
24 Nov 2017, 12:16:56,922 HazelServer is started.
24 Nov 2017, 12:16:56,985 HazelcastClientFactory is initialized.
24 Nov 2017, 12:16:57,339 Your Vert.x application is started!
24 Nov 2017, 12:23:31,468 Logger is initialed
24 Nov 2017, 12:23:31,534 APIConfig is initialed
24 Nov 2017, 12:23:35,022 HazelServer is started.
24 Nov 2017, 12:23:36,164 HazelcastClientFactory is initialized.
24 Nov 2017, 12:23:36,527 Your Vert.x application is started!
